[2022-07-14 17:38:15] [INFO] => Числа : () и аргументы: {}
[2022-07-14 17:40:03] [INFO] => Числа : () и аргументы: {}
[2022-07-14 17:40:26] [INFO] => Числа : () и аргументы: {}
[2022-07-14 17:40:41] [INFO] => Числа : () и аргументы: {}
[2022-07-14 17:42:59] [INFO] => Числа : () и аргументы: {}
[2022-07-14 17:43:20] [INFO] => Числа : () и аргументы: {}
[2022-07-14 17:45:07] [INFO] => Числа : () и аргументы: {}
[2022-07-14 17:47:06] [INFO] => Числа : () и аргументы: {}
[2022-07-14 17:47:46] [INFO] => Числа : (9, 0, 0, 9, 9, 8) и аргументы: {}
[2022-07-14 17:47:46] [INFO] => Числа : () и аргументы: {}
[2022-07-14 17:47:51] [INFO] => Числа : (9, 0, 0, 9, 9, 8) и аргументы: {}
[2022-07-14 17:47:51] [INFO] => Числа : () и аргументы: {}
[2022-07-14 17:48:35] [INFO] => Числа : (9, 0, 0, 9, 9, 8, 'yes', 1, 3, 4, 5, 6.6, 6) и аргументы: {}
[2022-07-14 17:48:35] [INFO] => Числа : () и аргументы: {}
[2022-07-14 17:49:00] [INFO] => Числа : (9, 0, 0, 9, 9, 8, 'yes', 1, 3, 4, 5, 6.6, 6) и аргументы: {}
[2022-07-14 17:49:10] [INFO] => Числа : (9, 0, 0, 9, 9, 8, 'yes', 1, 3, 4, 5, 6.6, 6) и аргументы: {}
[2022-07-14 17:49:10] [INFO] => Числа : () и аргументы: {}
[2022-07-14 17:49:23] [INFO] => Числа : (9, 0, 0, 9, 9, 8, 'yes', 1, 3, 4, 5, 6.6, 6) и аргументы: {}
[2022-07-14 17:49:23] [INFO] => Числа : () и аргументы: {}
[2022-07-14 17:50:08] [INFO] => Числа : (9, 0, 0, 9, 9, 8, 'yes', 1, 3, 4, 5, 6.6, 6) и аргументы: {}
[2022-07-14 17:51:16] [INFO] => Числа : (9, 0, 0, 9, 9, 8, 'yes', 1, 3, 4, 5, 6.6, 6, 8) и аргументы: {}
[2022-07-14 17:51:16] [INFO] => Числа : (9, 0, 0, 9, 9, 8, 1, 3, 4, 5, 6.6, 6, 8) и аргументы: {}
[2022-07-14 17:51:16] [INFO] => Числа : (9, 0, 0, 8) и аргументы: {}
[2022-07-14 17:51:16] [INFO] => Числа : (9, 0, 0, 9, 9, 8, 'yes', 1, 3, 4, 5, 6.6, 6, 8) и аргументы: {}
[2022-07-14 17:51:16] [INFO] => Числа : (9, 0, 0, 98) и аргументы: {}
[2022-07-14 17:51:16] [INFO] => Числа : () и аргументы: {}
